e:\ic spec\my_test_driver\ms_generic_usb_driver\c++\sys\driver\x64\win10debug\vc140.pdb
e:\ic spec\my_test_driver\ms_generic_usb_driver\c++\sys\driver\x64\win10debug\stream.obj
e:\ic spec\my_test_driver\ms_generic_usb_driver\c++\sys\driver\x64\win10debug\queue.obj
e:\ic spec\my_test_driver\ms_generic_usb_driver\c++\sys\driver\x64\win10debug\isorwr.obj
e:\ic spec\my_test_driver\ms_generic_usb_driver\c++\sys\driver\x64\win10debug\driver.obj
e:\ic spec\my_test_driver\ms_generic_usb_driver\c++\sys\driver\x64\win10debug\device.obj
e:\ic spec\my_test_driver\ms_generic_usb_driver\c++\sys\driver\x64\win10debug\bulkrwr.obj
e:\ic spec\my_test_driver\ms_generic_usb_driver\c++\sys\driver\x64\win10debug\usbsamp.sys
e:\ic spec\my_test_driver\ms_generic_usb_driver\c++\sys\driver\x64\win10debug\usbsamp.pdb
e:\ic spec\my_test_driver\ms_generic_usb_driver\c++\sys\driver\x64\win10debug\usbsamp.res
e:\ic spec\my_test_driver\ms_generic_usb_driver\c++\sys\driver\x64\win10debug\usbsamp.inf
e:\ic spec\my_test_driver\ms_generic_usb_driver\c++\sys\driver\x64\win10debug\usbsamp.tlog\cl.command.1.tlog
e:\ic spec\my_test_driver\ms_generic_usb_driver\c++\sys\driver\x64\win10debug\usbsamp.tlog\cl.read.1.tlog
e:\ic spec\my_test_driver\ms_generic_usb_driver\c++\sys\driver\x64\win10debug\usbsamp.tlog\cl.write.1.tlog
e:\ic spec\my_test_driver\ms_generic_usb_driver\c++\sys\driver\x64\win10debug\usbsamp.tlog\inf2cat-expand.14952.read.1.tlog
e:\ic spec\my_test_driver\ms_generic_usb_driver\c++\sys\driver\x64\win10debug\usbsamp.tlog\inf2cat-expand.14952.write.1.tlog
e:\ic spec\my_test_driver\ms_generic_usb_driver\c++\sys\driver\x64\win10debug\usbsamp.tlog\inf2cat-expand.16144.read.1.tlog
e:\ic spec\my_test_driver\ms_generic_usb_driver\c++\sys\driver\x64\win10debug\usbsamp.tlog\inf2cat-expand.16144.write.1.tlog
e:\ic spec\my_test_driver\ms_generic_usb_driver\c++\sys\driver\x64\win10debug\usbsamp.tlog\inf2cat-expand.9884.read.1.tlog
e:\ic spec\my_test_driver\ms_generic_usb_driver\c++\sys\driver\x64\win10debug\usbsamp.tlog\inf2cat-expand.9884.write.1.tlog
e:\ic spec\my_test_driver\ms_generic_usb_driver\c++\sys\driver\x64\win10debug\usbsamp.tlog\inf2cat-expand.read.1.tlog
e:\ic spec\my_test_driver\ms_generic_usb_driver\c++\sys\driver\x64\win10debug\usbsamp.tlog\inf2cat-expand.write.1.tlog
e:\ic spec\my_test_driver\ms_generic_usb_driver\c++\sys\driver\x64\win10debug\usbsamp.tlog\inf2cat.command.1.tlog
e:\ic spec\my_test_driver\ms_generic_usb_driver\c++\sys\driver\x64\win10debug\usbsamp.tlog\inf2cat.read.1.tlog
e:\ic spec\my_test_driver\ms_generic_usb_driver\c++\sys\driver\x64\win10debug\usbsamp.tlog\inf2cat.write.1.tlog
e:\ic spec\my_test_driver\ms_generic_usb_driver\c++\sys\driver\x64\win10debug\usbsamp.tlog\link.command.1.tlog
e:\ic spec\my_test_driver\ms_generic_usb_driver\c++\sys\driver\x64\win10debug\usbsamp.tlog\link.read.1.tlog
e:\ic spec\my_test_driver\ms_generic_usb_driver\c++\sys\driver\x64\win10debug\usbsamp.tlog\link.write.1.tlog
e:\ic spec\my_test_driver\ms_generic_usb_driver\c++\sys\driver\x64\win10debug\usbsamp.tlog\rc.command.1.tlog
e:\ic spec\my_test_driver\ms_generic_usb_driver\c++\sys\driver\x64\win10debug\usbsamp.tlog\rc.read.1.tlog
e:\ic spec\my_test_driver\ms_generic_usb_driver\c++\sys\driver\x64\win10debug\usbsamp.tlog\rc.write.1.tlog
e:\ic spec\my_test_driver\ms_generic_usb_driver\c++\sys\driver\x64\win10debug\usbsamp.tlog\signtool.command.1.tlog
e:\ic spec\my_test_driver\ms_generic_usb_driver\c++\sys\driver\x64\win10debug\usbsamp.tlog\signtool.read.1.tlog
e:\ic spec\my_test_driver\ms_generic_usb_driver\c++\sys\driver\x64\win10debug\usbsamp.tlog\signtool.timestamp.1.tlog
e:\ic spec\my_test_driver\ms_generic_usb_driver\c++\sys\driver\x64\win10debug\usbsamp.tlog\signtool.write.1.tlog
e:\ic spec\my_test_driver\ms_generic_usb_driver\c++\sys\driver\x64\win10debug\usbsamp.tlog\stampinf.command.1.tlog
e:\ic spec\my_test_driver\ms_generic_usb_driver\c++\sys\driver\x64\win10debug\usbsamp.tlog\stampinf.read.1.tlog
e:\ic spec\my_test_driver\ms_generic_usb_driver\c++\sys\driver\x64\win10debug\usbsamp.tlog\stampinf.write.1.tlog
