e:\devin_li\my_test_driver\ms_generic_usb_driver\c++\sys\driver\win8.1debug\usbsamp.sys
e:\devin_li\my_test_driver\ms_generic_usb_driver\c++\sys\driver\win8.1debug\usbsamp.inf
e:\devin_li\my_test_driver\ms_generic_usb_driver\c++\sys\driver\win8.1debug\vc120.pdb
e:\devin_li\my_test_driver\ms_generic_usb_driver\c++\sys\driver\win8.1debug\stream.obj
e:\devin_li\my_test_driver\ms_generic_usb_driver\c++\sys\driver\win8.1debug\queue.obj
e:\devin_li\my_test_driver\ms_generic_usb_driver\c++\sys\driver\win8.1debug\isorwr.obj
e:\devin_li\my_test_driver\ms_generic_usb_driver\c++\sys\driver\win8.1debug\driver.obj
e:\devin_li\my_test_driver\ms_generic_usb_driver\c++\sys\driver\win8.1debug\device.obj
e:\devin_li\my_test_driver\ms_generic_usb_driver\c++\sys\driver\win8.1debug\bulkrwr.obj
e:\devin_li\my_test_driver\ms_generic_usb_driver\c++\sys\driver\win8.1debug\usbsamp.pdb
e:\devin_li\my_test_driver\ms_generic_usb_driver\c++\sys\driver\win8.1debug\usbsamp.res
e:\devin_li\my_test_driver\ms_generic_usb_driver\c++\sys\driver\win8.1debug\signtool.command.1.tlog
e:\devin_li\my_test_driver\ms_generic_usb_driver\c++\sys\driver\win8.1debug\signtool.read.1.tlog
e:\devin_li\my_test_driver\ms_generic_usb_driver\c++\sys\driver\win8.1debug\signtool.write.1.tlog
e:\devin_li\my_test_driver\ms_generic_usb_driver\c++\sys\driver\win8.1debug\stampinf.command.1.tlog
e:\devin_li\my_test_driver\ms_generic_usb_driver\c++\sys\driver\win8.1debug\stampinf.read.1.tlog
e:\devin_li\my_test_driver\ms_generic_usb_driver\c++\sys\driver\win8.1debug\stampinf.write.1.tlog
e:\devin_li\my_test_driver\ms_generic_usb_driver\c++\sys\driver\win8.1debug\usbsamp.tlog\cl.command.1.tlog
e:\devin_li\my_test_driver\ms_generic_usb_driver\c++\sys\driver\win8.1debug\usbsamp.tlog\cl.read.1.tlog
e:\devin_li\my_test_driver\ms_generic_usb_driver\c++\sys\driver\win8.1debug\usbsamp.tlog\cl.write.1.tlog
e:\devin_li\my_test_driver\ms_generic_usb_driver\c++\sys\driver\win8.1debug\usbsamp.tlog\link.command.1.tlog
e:\devin_li\my_test_driver\ms_generic_usb_driver\c++\sys\driver\win8.1debug\usbsamp.tlog\link.read.1.tlog
e:\devin_li\my_test_driver\ms_generic_usb_driver\c++\sys\driver\win8.1debug\usbsamp.tlog\link.write.1.tlog
e:\devin_li\my_test_driver\ms_generic_usb_driver\c++\sys\driver\win8.1debug\usbsamp.tlog\rc.command.1.tlog
e:\devin_li\my_test_driver\ms_generic_usb_driver\c++\sys\driver\win8.1debug\usbsamp.tlog\rc.read.1.tlog
e:\devin_li\my_test_driver\ms_generic_usb_driver\c++\sys\driver\win8.1debug\usbsamp.tlog\rc.write.1.tlog
