e:\ic spec\my_test_driver\ms_generic_usb_driver\c++\x64\win10debug\package\usbsamp.cat
e:\ic spec\my_test_driver\ms_generic_usb_driver\c++\x64\win10debug\package.cer
e:\ic spec\my_test_driver\ms_generic_usb_driver\c++\package\x64\win10debug\package.vcxprojresolveassemblyreference.cache
e:\ic spec\my_test_driver\ms_generic_usb_driver\c++\package\x64\win10debug\package.tlog\inf2cat-expand.12276.read.1.tlog
e:\ic spec\my_test_driver\ms_generic_usb_driver\c++\package\x64\win10debug\package.tlog\inf2cat-expand.12276.write.1.tlog
e:\ic spec\my_test_driver\ms_generic_usb_driver\c++\package\x64\win10debug\package.tlog\inf2cat-expand.12704.read.1.tlog
e:\ic spec\my_test_driver\ms_generic_usb_driver\c++\package\x64\win10debug\package.tlog\inf2cat-expand.12704.write.1.tlog
e:\ic spec\my_test_driver\ms_generic_usb_driver\c++\package\x64\win10debug\package.tlog\inf2cat-expand.13144.read.1.tlog
e:\ic spec\my_test_driver\ms_generic_usb_driver\c++\package\x64\win10debug\package.tlog\inf2cat-expand.13144.write.1.tlog
e:\ic spec\my_test_driver\ms_generic_usb_driver\c++\package\x64\win10debug\package.tlog\inf2cat-expand.1360.read.1.tlog
e:\ic spec\my_test_driver\ms_generic_usb_driver\c++\package\x64\win10debug\package.tlog\inf2cat-expand.1360.write.1.tlog
e:\ic spec\my_test_driver\ms_generic_usb_driver\c++\package\x64\win10debug\package.tlog\inf2cat-expand.13604.read.1.tlog
e:\ic spec\my_test_driver\ms_generic_usb_driver\c++\package\x64\win10debug\package.tlog\inf2cat-expand.13604.write.1.tlog
e:\ic spec\my_test_driver\ms_generic_usb_driver\c++\package\x64\win10debug\package.tlog\inf2cat-expand.13808.read.1.tlog
e:\ic spec\my_test_driver\ms_generic_usb_driver\c++\package\x64\win10debug\package.tlog\inf2cat-expand.13808.write.1.tlog
e:\ic spec\my_test_driver\ms_generic_usb_driver\c++\package\x64\win10debug\package.tlog\inf2cat-expand.14320.read.1.tlog
e:\ic spec\my_test_driver\ms_generic_usb_driver\c++\package\x64\win10debug\package.tlog\inf2cat-expand.14320.write.1.tlog
e:\ic spec\my_test_driver\ms_generic_usb_driver\c++\package\x64\win10debug\package.tlog\inf2cat-expand.14384.read.1.tlog
e:\ic spec\my_test_driver\ms_generic_usb_driver\c++\package\x64\win10debug\package.tlog\inf2cat-expand.14384.write.1.tlog
e:\ic spec\my_test_driver\ms_generic_usb_driver\c++\package\x64\win10debug\package.tlog\inf2cat-expand.15132.read.1.tlog
e:\ic spec\my_test_driver\ms_generic_usb_driver\c++\package\x64\win10debug\package.tlog\inf2cat-expand.15132.write.1.tlog
e:\ic spec\my_test_driver\ms_generic_usb_driver\c++\package\x64\win10debug\package.tlog\inf2cat-expand.15248.read.1.tlog
e:\ic spec\my_test_driver\ms_generic_usb_driver\c++\package\x64\win10debug\package.tlog\inf2cat-expand.15248.write.1.tlog
e:\ic spec\my_test_driver\ms_generic_usb_driver\c++\package\x64\win10debug\package.tlog\inf2cat-expand.15564.read.1.tlog
e:\ic spec\my_test_driver\ms_generic_usb_driver\c++\package\x64\win10debug\package.tlog\inf2cat-expand.15564.write.1.tlog
e:\ic spec\my_test_driver\ms_generic_usb_driver\c++\package\x64\win10debug\package.tlog\inf2cat-expand.16288.read.1.tlog
e:\ic spec\my_test_driver\ms_generic_usb_driver\c++\package\x64\win10debug\package.tlog\inf2cat-expand.16288.write.1.tlog
e:\ic spec\my_test_driver\ms_generic_usb_driver\c++\package\x64\win10debug\package.tlog\inf2cat-expand.3884.read.1.tlog
e:\ic spec\my_test_driver\ms_generic_usb_driver\c++\package\x64\win10debug\package.tlog\inf2cat-expand.3884.write.1.tlog
e:\ic spec\my_test_driver\ms_generic_usb_driver\c++\package\x64\win10debug\package.tlog\inf2cat-expand.5324.read.1.tlog
e:\ic spec\my_test_driver\ms_generic_usb_driver\c++\package\x64\win10debug\package.tlog\inf2cat-expand.5324.write.1.tlog
e:\ic spec\my_test_driver\ms_generic_usb_driver\c++\package\x64\win10debug\package.tlog\inf2cat-expand.584.read.1.tlog
e:\ic spec\my_test_driver\ms_generic_usb_driver\c++\package\x64\win10debug\package.tlog\inf2cat-expand.584.write.1.tlog
e:\ic spec\my_test_driver\ms_generic_usb_driver\c++\package\x64\win10debug\package.tlog\inf2cat-expand.6008.read.1.tlog
e:\ic spec\my_test_driver\ms_generic_usb_driver\c++\package\x64\win10debug\package.tlog\inf2cat-expand.6008.write.1.tlog
e:\ic spec\my_test_driver\ms_generic_usb_driver\c++\package\x64\win10debug\package.tlog\inf2cat-expand.7332.read.1.tlog
e:\ic spec\my_test_driver\ms_generic_usb_driver\c++\package\x64\win10debug\package.tlog\inf2cat-expand.7332.write.1.tlog
e:\ic spec\my_test_driver\ms_generic_usb_driver\c++\package\x64\win10debug\package.tlog\inf2cat-expand.7648.read.1.tlog
e:\ic spec\my_test_driver\ms_generic_usb_driver\c++\package\x64\win10debug\package.tlog\inf2cat-expand.7648.write.1.tlog
e:\ic spec\my_test_driver\ms_generic_usb_driver\c++\package\x64\win10debug\package.tlog\inf2cat-expand.9764.read.1.tlog
e:\ic spec\my_test_driver\ms_generic_usb_driver\c++\package\x64\win10debug\package.tlog\inf2cat-expand.9764.write.1.tlog
e:\ic spec\my_test_driver\ms_generic_usb_driver\c++\package\x64\win10debug\package.tlog\inf2cat-expand.read.1.tlog
e:\ic spec\my_test_driver\ms_generic_usb_driver\c++\package\x64\win10debug\package.tlog\inf2cat-expand.write.1.tlog
e:\ic spec\my_test_driver\ms_generic_usb_driver\c++\package\x64\win10debug\package.tlog\inf2cat.command.1.tlog
e:\ic spec\my_test_driver\ms_generic_usb_driver\c++\package\x64\win10debug\package.tlog\inf2cat.read.1.tlog
e:\ic spec\my_test_driver\ms_generic_usb_driver\c++\package\x64\win10debug\package.tlog\inf2cat.write.1.tlog
e:\ic spec\my_test_driver\ms_generic_usb_driver\c++\package\x64\win10debug\package.tlog\signtool.command.1.tlog
e:\ic spec\my_test_driver\ms_generic_usb_driver\c++\package\x64\win10debug\package.tlog\signtool.read.1.tlog
e:\ic spec\my_test_driver\ms_generic_usb_driver\c++\package\x64\win10debug\package.tlog\signtool.timestamp.1.tlog
e:\ic spec\my_test_driver\ms_generic_usb_driver\c++\package\x64\win10debug\package.tlog\signtool.write.1.tlog
