e:\devin_li\my_test_driver\ms_generic_usb_driver\c++\sys\driver\win7debug\usbsamp.sys
e:\devin_li\my_test_driver\ms_generic_usb_driver\c++\sys\driver\win7debug\usbsamp.inf
e:\devin_li\my_test_driver\ms_generic_usb_driver\c++\sys\driver\win7debug\vc120.pdb
e:\devin_li\my_test_driver\ms_generic_usb_driver\c++\sys\driver\win7debug\stream.obj
e:\devin_li\my_test_driver\ms_generic_usb_driver\c++\sys\driver\win7debug\queue.obj
e:\devin_li\my_test_driver\ms_generic_usb_driver\c++\sys\driver\win7debug\isorwr.obj
e:\devin_li\my_test_driver\ms_generic_usb_driver\c++\sys\driver\win7debug\driver.obj
e:\devin_li\my_test_driver\ms_generic_usb_driver\c++\sys\driver\win7debug\device.obj
e:\devin_li\my_test_driver\ms_generic_usb_driver\c++\sys\driver\win7debug\bulkrwr.obj
e:\devin_li\my_test_driver\ms_generic_usb_driver\c++\sys\driver\win7debug\usbsamp.pdb
e:\devin_li\my_test_driver\ms_generic_usb_driver\c++\sys\driver\win7debug\usbsamp.res
e:\devin_li\my_test_driver\ms_generic_usb_driver\c++\sys\driver\win7debug\signtool.command.1.tlog
e:\devin_li\my_test_driver\ms_generic_usb_driver\c++\sys\driver\win7debug\signtool.read.1.tlog
e:\devin_li\my_test_driver\ms_generic_usb_driver\c++\sys\driver\win7debug\signtool.write.1.tlog
e:\devin_li\my_test_driver\ms_generic_usb_driver\c++\sys\driver\win7debug\stampinf.command.1.tlog
e:\devin_li\my_test_driver\ms_generic_usb_driver\c++\sys\driver\win7debug\stampinf.read.1.tlog
e:\devin_li\my_test_driver\ms_generic_usb_driver\c++\sys\driver\win7debug\stampinf.write.1.tlog
e:\devin_li\my_test_driver\ms_generic_usb_driver\c++\sys\driver\win7debug\usbsamp.tlog\cl.command.1.tlog
e:\devin_li\my_test_driver\ms_generic_usb_driver\c++\sys\driver\win7debug\usbsamp.tlog\cl.read.1.tlog
e:\devin_li\my_test_driver\ms_generic_usb_driver\c++\sys\driver\win7debug\usbsamp.tlog\cl.write.1.tlog
e:\devin_li\my_test_driver\ms_generic_usb_driver\c++\sys\driver\win7debug\usbsamp.tlog\link.command.1.tlog
e:\devin_li\my_test_driver\ms_generic_usb_driver\c++\sys\driver\win7debug\usbsamp.tlog\link.read.1.tlog
e:\devin_li\my_test_driver\ms_generic_usb_driver\c++\sys\driver\win7debug\usbsamp.tlog\link.write.1.tlog
e:\devin_li\my_test_driver\ms_generic_usb_driver\c++\sys\driver\win7debug\usbsamp.tlog\rc.command.1.tlog
e:\devin_li\my_test_driver\ms_generic_usb_driver\c++\sys\driver\win7debug\usbsamp.tlog\rc.read.1.tlog
e:\devin_li\my_test_driver\ms_generic_usb_driver\c++\sys\driver\win7debug\usbsamp.tlog\rc.write.1.tlog
